<?xml version="1.0" encoding="UTF-8"?>
<!-- Generated by org.testng.reporters.JUnitXMLReporter -->
<testsuite ignored="0" hostname="ip-192-168-3-50.ap-south-1.compute.internal" failures="0" tests="10" name="Search/Algolia Test" time="69.67" errors="0" timestamp="2023-04-06T17:40:14 IST">
  <testcase classname="com.mamaearth.TestCase.TC_SearchingAndAlgolia" name="@BeforeMethod setup" time="15.99">
    <failure type="org.openqa.selenium.TimeoutException" message="Expected condition failed: waiting for visibility of [[ChromeDriver: chrome on MAC (d979bc231a87afc0fc28f4478497cb56)] -&amp;gt; id: wzrk-confirm-id] (tried for 10 second(s) with 500 milliseconds interval)
Build info: version: &amp;apos;4.5.0&amp;apos;, revision: &amp;apos;fe167b119a&amp;apos;
System info: os.name: &amp;apos;Mac OS X&amp;apos;, os.arch: &amp;apos;x86_64&amp;apos;, os.version: &amp;apos;11.5.1&amp;apos;, java.version: &amp;apos;18.0.1.1&amp;apos;
Driver info: org.openqa.selenium.chrome.ChromeDriver
Capabilities {acceptInsecureCerts: false, browserName: chrome, browserVersion: 111.0.5563.146, chrome: {chromedriverVersion: 111.0.5563.64 (c710e93d5b63..., userDataDir: /var/folders/vc/xx8_9t4d2c9...}, goog:chromeOptions: {debuggerAddress: localhost:56784}, networkConnectionEnabled: false, pageLoadStrategy: normal, platformName: MAC, proxy: Proxy(), se:cdp: ws://localhost:56784/devtoo..., se:cdpVersion: 111.0.5563.146, setWindowRect: true, strictFileInteractability: false, timeouts: {implicit: 0, pageLoad: 300000, script: 30000}, unhandledPromptBehavior: dismiss and notify, webauthn:extension:credBlob: true, webauthn:extension:largeBlob: true, webauthn:extension:minPinLength: true, webauthn:extension:prf: true, webauthn:virtualAuthenticators: true}
Session ID: d979bc231a87afc0fc28f4478497cb56">
      <![CDATA[org.openqa.selenium.TimeoutException: Expected condition failed: waiting for visibility of [[ChromeDriver: chrome on MAC (d979bc231a87afc0fc28f4478497cb56)] -> id: wzrk-confirm-id] (tried for 10 second(s) with 500 milliseconds interval)
Build info: version: '4.5.0', revision: 'fe167b119a'
System info: os.name: 'Mac OS X', os.arch: 'x86_64', os.version: '11.5.1', java.version: '18.0.1.1'
Driver info: org.openqa.selenium.chrome.ChromeDriver
Capabilities {acceptInsecureCerts: false, browserName: chrome, browserVersion: 111.0.5563.146, chrome: {chromedriverVersion: 111.0.5563.64 (c710e93d5b63..., userDataDir: /var/folders/vc/xx8_9t4d2c9...}, goog:chromeOptions: {debuggerAddress: localhost:56784}, networkConnectionEnabled: false, pageLoadStrategy: normal, platformName: MAC, proxy: Proxy(), se:cdp: ws://localhost:56784/devtoo..., se:cdpVersion: 111.0.5563.146, setWindowRect: true, strictFileInteractability: false, timeouts: {implicit: 0, pageLoad: 300000, script: 30000}, unhandledPromptBehavior: dismiss and notify, webauthn:extension:credBlob: true, webauthn:extension:largeBlob: true, webauthn:extension:minPinLength: true, webauthn:extension:prf: true, webauthn:virtualAuthenticators: true}
Session ID: d979bc231a87afc0fc28f4478497cb56
at org.openqa.selenium.support.ui.WebDriverWait.timeoutException(WebDriverWait.java:87)
at org.openqa.selenium.support.ui.FluentWait.until(FluentWait.java:231)
at com.mamaearth.Utils.mamaearth_utils.waitToElementPresence(mamaearth_utils.java:34)
at com.mamaearth.Base.mamaearth_Base.initialization(mamaearth_Base.java:65)
at com.mamaearth.TestCase.TC_SearchingAndAlgolia.setup(TC_SearchingAndAlgolia.java:17)
at java.base/java.util.ArrayList.forEach(ArrayList.java:1511)
... Removed 30 stack frames]]>
    </failure>
  </testcase> <!-- @BeforeMethod setup -->
  <testcase classname="com.mamaearth.TestCase.TC_SearchingAndAlgolia" name="@AfterMethod tearDown" time="-1.680782960569E9">
    <skipped/>
  </testcase> <!-- @AfterMethod tearDown -->
  <testcase classname="com.mamaearth.TestCase.TC_CheckcoutWithoutGI" name="@BeforeMethod setup" time="16.355">
    <failure type="org.openqa.selenium.TimeoutException" message="Expected condition failed: waiting for visibility of [[ChromeDriver: chrome on MAC (7bb94338918f15feeacfd15f856abd4b)] -&amp;gt; id: wzrk-confirm-id] (tried for 10 second(s) with 500 milliseconds interval)
Build info: version: &amp;apos;4.5.0&amp;apos;, revision: &amp;apos;fe167b119a&amp;apos;
System info: os.name: &amp;apos;Mac OS X&amp;apos;, os.arch: &amp;apos;x86_64&amp;apos;, os.version: &amp;apos;11.5.1&amp;apos;, java.version: &amp;apos;18.0.1.1&amp;apos;
Driver info: org.openqa.selenium.chrome.ChromeDriver
Capabilities {acceptInsecureCerts: false, browserName: chrome, browserVersion: 111.0.5563.146, chrome: {chromedriverVersion: 111.0.5563.64 (c710e93d5b63..., userDataDir: /var/folders/vc/xx8_9t4d2c9...}, goog:chromeOptions: {debuggerAddress: localhost:56922}, networkConnectionEnabled: false, pageLoadStrategy: normal, platformName: MAC, proxy: Proxy(), se:cdp: ws://localhost:56922/devtoo..., se:cdpVersion: 111.0.5563.146, setWindowRect: true, strictFileInteractability: false, timeouts: {implicit: 0, pageLoad: 300000, script: 30000}, unhandledPromptBehavior: dismiss and notify, webauthn:extension:credBlob: true, webauthn:extension:largeBlob: true, webauthn:extension:minPinLength: true, webauthn:extension:prf: true, webauthn:virtualAuthenticators: true}
Session ID: 7bb94338918f15feeacfd15f856abd4b">
      <![CDATA[org.openqa.selenium.TimeoutException: Expected condition failed: waiting for visibility of [[ChromeDriver: chrome on MAC (7bb94338918f15feeacfd15f856abd4b)] -> id: wzrk-confirm-id] (tried for 10 second(s) with 500 milliseconds interval)
Build info: version: '4.5.0', revision: 'fe167b119a'
System info: os.name: 'Mac OS X', os.arch: 'x86_64', os.version: '11.5.1', java.version: '18.0.1.1'
Driver info: org.openqa.selenium.chrome.ChromeDriver
Capabilities {acceptInsecureCerts: false, browserName: chrome, browserVersion: 111.0.5563.146, chrome: {chromedriverVersion: 111.0.5563.64 (c710e93d5b63..., userDataDir: /var/folders/vc/xx8_9t4d2c9...}, goog:chromeOptions: {debuggerAddress: localhost:56922}, networkConnectionEnabled: false, pageLoadStrategy: normal, platformName: MAC, proxy: Proxy(), se:cdp: ws://localhost:56922/devtoo..., se:cdpVersion: 111.0.5563.146, setWindowRect: true, strictFileInteractability: false, timeouts: {implicit: 0, pageLoad: 300000, script: 30000}, unhandledPromptBehavior: dismiss and notify, webauthn:extension:credBlob: true, webauthn:extension:largeBlob: true, webauthn:extension:minPinLength: true, webauthn:extension:prf: true, webauthn:virtualAuthenticators: true}
Session ID: 7bb94338918f15feeacfd15f856abd4b
at org.openqa.selenium.support.ui.WebDriverWait.timeoutException(WebDriverWait.java:87)
at org.openqa.selenium.support.ui.FluentWait.until(FluentWait.java:231)
at com.mamaearth.Utils.mamaearth_utils.waitToElementPresence(mamaearth_utils.java:34)
at com.mamaearth.Base.mamaearth_Base.initialization(mamaearth_Base.java:65)
at com.mamaearth.TestCase.TC_CheckcoutWithoutGI.setup(TC_CheckcoutWithoutGI.java:40)
at java.base/java.util.ArrayList.forEach(ArrayList.java:1511)
... Removed 30 stack frames]]>
    </failure>
  </testcase> <!-- @BeforeMethod setup -->
  <testcase classname="com.mamaearth.TestCase.TC_CheckcoutWithoutGI" name="@AfterMethod teardown" time="-1.680782977556E9">
    <skipped/>
  </testcase> <!-- @AfterMethod teardown -->
  <testcase classname="com.mamaearth.TestCase.TC_CheckcoutWithoutGI" name="@BeforeMethod setup" time="-1.680782977602E9">
    <skipped/>
  </testcase> <!-- @BeforeMethod setup -->
  <testcase classname="com.mamaearth.TestCase.TC_CheckcoutWithoutGI" name="@AfterMethod teardown" time="-1.680782977605E9">
    <skipped/>
  </testcase> <!-- @AfterMethod teardown -->
  <testcase classname="com.mamaearth.TestCase.TC_StaticPagesVerification" name="@BeforeMethod setup" time="16.655">
    <failure type="org.openqa.selenium.TimeoutException" message="Expected condition failed: waiting for visibility of [[ChromeDriver: chrome on MAC (313daec8967910cbed3f5104a5319dc4)] -&amp;gt; id: wzrk-confirm-id] (tried for 10 second(s) with 500 milliseconds interval)
Build info: version: &amp;apos;4.5.0&amp;apos;, revision: &amp;apos;fe167b119a&amp;apos;
System info: os.name: &amp;apos;Mac OS X&amp;apos;, os.arch: &amp;apos;x86_64&amp;apos;, os.version: &amp;apos;11.5.1&amp;apos;, java.version: &amp;apos;18.0.1.1&amp;apos;
Driver info: org.openqa.selenium.chrome.ChromeDriver
Capabilities {acceptInsecureCerts: false, browserName: chrome, browserVersion: 111.0.5563.146, chrome: {chromedriverVersion: 111.0.5563.64 (c710e93d5b63..., userDataDir: /var/folders/vc/xx8_9t4d2c9...}, goog:chromeOptions: {debuggerAddress: localhost:57288}, networkConnectionEnabled: false, pageLoadStrategy: normal, platformName: MAC, proxy: Proxy(), se:cdp: ws://localhost:57288/devtoo..., se:cdpVersion: 111.0.5563.146, setWindowRect: true, strictFileInteractability: false, timeouts: {implicit: 0, pageLoad: 300000, script: 30000}, unhandledPromptBehavior: dismiss and notify, webauthn:extension:credBlob: true, webauthn:extension:largeBlob: true, webauthn:extension:minPinLength: true, webauthn:extension:prf: true, webauthn:virtualAuthenticators: true}
Session ID: 313daec8967910cbed3f5104a5319dc4">
      <![CDATA[org.openqa.selenium.TimeoutException: Expected condition failed: waiting for visibility of [[ChromeDriver: chrome on MAC (313daec8967910cbed3f5104a5319dc4)] -> id: wzrk-confirm-id] (tried for 10 second(s) with 500 milliseconds interval)
Build info: version: '4.5.0', revision: 'fe167b119a'
System info: os.name: 'Mac OS X', os.arch: 'x86_64', os.version: '11.5.1', java.version: '18.0.1.1'
Driver info: org.openqa.selenium.chrome.ChromeDriver
Capabilities {acceptInsecureCerts: false, browserName: chrome, browserVersion: 111.0.5563.146, chrome: {chromedriverVersion: 111.0.5563.64 (c710e93d5b63..., userDataDir: /var/folders/vc/xx8_9t4d2c9...}, goog:chromeOptions: {debuggerAddress: localhost:57288}, networkConnectionEnabled: false, pageLoadStrategy: normal, platformName: MAC, proxy: Proxy(), se:cdp: ws://localhost:57288/devtoo..., se:cdpVersion: 111.0.5563.146, setWindowRect: true, strictFileInteractability: false, timeouts: {implicit: 0, pageLoad: 300000, script: 30000}, unhandledPromptBehavior: dismiss and notify, webauthn:extension:credBlob: true, webauthn:extension:largeBlob: true, webauthn:extension:minPinLength: true, webauthn:extension:prf: true, webauthn:virtualAuthenticators: true}
Session ID: 313daec8967910cbed3f5104a5319dc4
at org.openqa.selenium.support.ui.WebDriverWait.timeoutException(WebDriverWait.java:87)
at org.openqa.selenium.support.ui.FluentWait.until(FluentWait.java:231)
at com.mamaearth.Utils.mamaearth_utils.waitToElementPresence(mamaearth_utils.java:34)
at com.mamaearth.Base.mamaearth_Base.initialization(mamaearth_Base.java:65)
at com.mamaearth.TestCase.TC_StaticPagesVerification.setup(TC_StaticPagesVerification.java:36)
at java.base/java.util.ArrayList.forEach(ArrayList.java:1511)
... Removed 30 stack frames]]>
    </failure>
  </testcase> <!-- @BeforeMethod setup -->
  <testcase classname="com.mamaearth.TestCase.TC_StaticPagesVerification" name="@AfterMethod TearDown" time="-1.680783014222E9">
    <skipped/>
  </testcase> <!-- @AfterMethod TearDown -->
  <testcase classname="com.mamaearth.TestCase.TC_StaticPagesVerification" name="@BeforeMethod setup" time="-1.680783014224E9">
    <skipped/>
  </testcase> <!-- @BeforeMethod setup -->
  <testcase classname="com.mamaearth.TestCase.TC_StaticPagesVerification" name="@AfterMethod TearDown" time="-1.680783014227E9">
    <skipped/>
  </testcase> <!-- @AfterMethod TearDown -->
  <testcase classname="com.mamaearth.TestCase.TC_StaticPagesVerification" name="@BeforeMethod setup" time="-1.680783014228E9">
    <skipped/>
  </testcase> <!-- @BeforeMethod setup -->
  <testcase classname="com.mamaearth.TestCase.TC_StaticPagesVerification" name="@AfterMethod TearDown" time="-1.680783014232E9">
    <skipped/>
  </testcase> <!-- @AfterMethod TearDown -->
  <testcase classname="com.mamaearth.TestCase.TC_StaticPagesVerification" name="@BeforeMethod setup" time="-1.680783014233E9">
    <skipped/>
  </testcase> <!-- @BeforeMethod setup -->
  <testcase classname="com.mamaearth.TestCase.TC_StaticPagesVerification" name="@AfterMethod TearDown" time="-1.680783014235E9">
    <skipped/>
  </testcase> <!-- @AfterMethod TearDown -->
  <testcase classname="com.mamaearth.TestCase.TC_StaticPagesVerification" name="@BeforeMethod setup" time="-1.680783014236E9">
    <skipped/>
  </testcase> <!-- @BeforeMethod setup -->
  <testcase classname="com.mamaearth.TestCase.TC_StaticPagesVerification" name="@AfterMethod TearDown" time="-1.680783014237E9">
    <skipped/>
  </testcase> <!-- @AfterMethod TearDown -->
  <testcase classname="com.mamaearth.TestCase.TC_SearchingAndAlgolia" name="Test_mamaearth_Search_ProductSearch" time="0.0">
    <skipped/>
  </testcase> <!-- Test_mamaearth_Search_ProductSearch -->
  <testcase classname="com.mamaearth.TestCase.TC_CheckcoutWithoutGI" name="Test_GuestUser_WithCoupon_withoutGI_COD" time="0.0">
    <skipped/>
  </testcase> <!-- Test_GuestUser_WithCoupon_withoutGI_COD -->
  <testcase classname="com.mamaearth.TestCase.TC_CheckcoutWithoutGI" name="Test_GuestUser_WithoutCoupon_withoutGI_COD" time="0.0">
    <skipped/>
  </testcase> <!-- Test_GuestUser_WithoutCoupon_withoutGI_COD -->
  <testcase classname="com.mamaearth.TestCase.TC_StaticPagesVerification" name="Test_mamaearth_PrivacyPolicy_Page" time="1.651"/>
  <testcase classname="com.mamaearth.TestCase.TC_StaticPagesVerification" name="Test_mamaearth_Returns_Page" time="1.79"/>
  <testcase classname="com.mamaearth.TestCase.TC_StaticPagesVerification" name="Test_mamaearth_TermsAndConditions_Page" time="0.0">
    <skipped/>
  </testcase> <!-- Test_mamaearth_TermsAndConditions_Page -->
  <testcase classname="com.mamaearth.TestCase.TC_StaticPagesVerification" name="Test_mamaearth_TermsAndConditionsAndCashback_Page" time="0.0">
    <skipped/>
  </testcase> <!-- Test_mamaearth_TermsAndConditionsAndCashback_Page -->
  <testcase classname="com.mamaearth.TestCase.TC_StaticPagesVerification" name="Test_mamaearth_FAQs_Page" time="0.0">
    <skipped/>
  </testcase> <!-- Test_mamaearth_FAQs_Page -->
  <testcase classname="com.mamaearth.TestCase.TC_StaticPagesVerification" name="Test_mamaearth_WeAreSafe_Page" time="0.0">
    <skipped/>
  </testcase> <!-- Test_mamaearth_WeAreSafe_Page -->
  <testcase classname="com.mamaearth.TestCase.TC_StaticPagesVerification" name="Test_mamaearth_AboutUS_Page" time="0.0">
    <skipped/>
  </testcase> <!-- Test_mamaearth_AboutUS_Page -->
</testsuite> <!-- Search/Algolia Test -->
